{"/Users/edgarfigueroa/Projects/Challenges/ArkusNexus/CRUD/API/src/User/domain/UserEmail.ts": {"path":"/Users/edgarfigueroa/Projects/Challenges/ArkusNexus/CRUD/API/src/User/domain/UserEmail.ts","statementMap":{"0":{"start":{"line":3,"column":2},"end":{"line":12,"column":null}},"1":{"start":{"line":4,"column":4},"end":{"line":4,"column":null}},"2":{"start":{"line":5,"column":4},"end":{"line":5,"column":null}},"3":{"start":{"line":7,"column":4},"end":{"line":7,"column":null}},"4":{"start":{"line":8,"column":4},"end":{"line":8,"column":null}},"5":{"start":{"line":8,"column":53},"end":{"line":8,"column":78}},"6":{"start":{"line":9,"column":4},"end":{"line":9,"column":null}},"7":{"start":{"line":9,"column":34},"end":{"line":9,"column":44}},"8":{"start":{"line":11,"column":4},"end":{"line":11,"column":null}},"9":{"start":{"line":2,"column":0},"end":{"line":2,"column":24}},"10":{"start":{"line":16,"column":2},"end":{"line":18,"column":null}},"11":{"start":{"line":17,"column":4},"end":{"line":17,"column":null}},"12":{"start":{"line":22,"column":21},"end":{"line":22,"column":80}},"13":{"start":{"line":24,"column":2},"end":{"line":26,"column":null}},"14":{"start":{"line":25,"column":4},"end":{"line":25,"column":null}}},"fnMap":{"0":{"name":"UserEmail","decl":{"start":{"line":2,"column":24},"end":{"line":2,"column":33}},"loc":{"start":{"line":2,"column":57},"end":{"line":13,"column":1}}},"1":{"name":"(anonymous_1)","decl":{"start":{"line":8,"column":20},"end":{"line":8,"column":21}},"loc":{"start":{"line":8,"column":53},"end":{"line":8,"column":78}}},"2":{"name":"(anonymous_2)","decl":{"start":{"line":9,"column":20},"end":{"line":9,"column":31}},"loc":{"start":{"line":9,"column":34},"end":{"line":9,"column":44}}},"3":{"name":"isEmailDefined","decl":{"start":{"line":15,"column":9},"end":{"line":15,"column":23}},"loc":{"start":{"line":15,"column":37},"end":{"line":19,"column":1}}},"4":{"name":"isEmailValid","decl":{"start":{"line":21,"column":9},"end":{"line":21,"column":21}},"loc":{"start":{"line":21,"column":35},"end":{"line":27,"column":1}}}},"branchMap":{"0":{"loc":{"start":{"line":16,"column":2},"end":{"line":18,"column":null}},"type":"if","locations":[{"start":{"line":16,"column":2},"end":{"line":18,"column":null}}]},"1":{"loc":{"start":{"line":16,"column":6},"end":{"line":16,"column":28}},"type":"binary-expr","locations":[{"start":{"line":16,"column":6},"end":{"line":16,"column":12}},{"start":{"line":16,"column":16},"end":{"line":16,"column":28}}]},"2":{"loc":{"start":{"line":24,"column":2},"end":{"line":26,"column":null}},"type":"if","locations":[{"start":{"line":24,"column":2},"end":{"line":26,"column":null}}]}},"s":{"0":7,"1":7,"2":6,"3":5,"4":5,"5":0,"6":5,"7":0,"8":2,"9":2,"10":7,"11":1,"12":6,"13":6,"14":1},"f":{"0":7,"1":0,"2":0,"3":7,"4":6},"b":{"0":[1],"1":[7,6],"2":[1]}}
,"/Users/edgarfigueroa/Projects/Challenges/ArkusNexus/CRUD/API/src/User/domain/UserEntity.ts": {"path":"/Users/edgarfigueroa/Projects/Challenges/ArkusNexus/CRUD/API/src/User/domain/UserEntity.ts","statementMap":{"0":{"start":{"line":2,"column":0},"end":{"line":2,"column":35}},"1":{"start":{"line":3,"column":0},"end":{"line":3,"column":29}},"2":{"start":{"line":4,"column":0},"end":{"line":4,"column":33}},"3":{"start":{"line":5,"column":0},"end":{"line":5,"column":41}},"4":{"start":{"line":6,"column":0},"end":{"line":6,"column":33}},"5":{"start":{"line":15,"column":2},"end":{"line":37,"column":null}},"6":{"start":{"line":16,"column":24},"end":{"line":16,"column":43}},"7":{"start":{"line":17,"column":26},"end":{"line":17,"column":49}},"8":{"start":{"line":18,"column":27},"end":{"line":18,"column":52}},"9":{"start":{"line":19,"column":30},"end":{"line":19,"column":61}},"10":{"start":{"line":20,"column":19},"end":{"line":20,"column":42}},"11":{"start":{"line":23,"column":6},"end":{"line":23,"column":null}},"12":{"start":{"line":27,"column":6},"end":{"line":27,"column":null}},"13":{"start":{"line":30,"column":4},"end":{"line":34,"column":null}},"14":{"start":{"line":33,"column":32},"end":{"line":33,"column":66}},"15":{"start":{"line":36,"column":4},"end":{"line":36,"column":null}},"16":{"start":{"line":14,"column":0},"end":{"line":14,"column":24}}},"fnMap":{"0":{"name":"User","decl":{"start":{"line":14,"column":24},"end":{"line":14,"column":28}},"loc":{"start":{"line":14,"column":55},"end":{"line":38,"column":1}}},"1":{"name":"updateEmail","decl":{"start":{"line":22,"column":13},"end":{"line":22,"column":24}},"loc":{"start":{"line":22,"column":42},"end":{"line":24,"column":5}}},"2":{"name":"updatePassword","decl":{"start":{"line":26,"column":13},"end":{"line":26,"column":27}},"loc":{"start":{"line":26,"column":48},"end":{"line":28,"column":5}}},"3":{"name":"(anonymous_4)","decl":{"start":{"line":33,"column":13},"end":{"line":33,"column":28}},"loc":{"start":{"line":33,"column":32},"end":{"line":33,"column":66}}}},"branchMap":{},"s":{"0":1,"1":1,"2":1,"3":1,"4":1,"5":3,"6":3,"7":3,"8":3,"9":3,"10":3,"11":1,"12":1,"13":3,"14":3,"15":0,"16":1},"f":{"0":3,"1":1,"2":1,"3":3},"b":{}}
,"/Users/edgarfigueroa/Projects/Challenges/ArkusNexus/CRUD/API/src/User/domain/UserId.ts": {"path":"/Users/edgarfigueroa/Projects/Challenges/ArkusNexus/CRUD/API/src/User/domain/UserId.ts","statementMap":{"0":{"start":{"line":2,"column":2},"end":{"line":2,"column":null}},"1":{"start":{"line":4,"column":2},"end":{"line":4,"column":null}},"2":{"start":{"line":5,"column":2},"end":{"line":5,"column":null}},"3":{"start":{"line":1,"column":0},"end":{"line":1,"column":24}},"4":{"start":{"line":9,"column":2},"end":{"line":11,"column":null}},"5":{"start":{"line":10,"column":4},"end":{"line":10,"column":null}},"6":{"start":{"line":15,"column":18},"end":{"line":15,"column":73}},"7":{"start":{"line":16,"column":2},"end":{"line":18,"column":null}},"8":{"start":{"line":17,"column":4},"end":{"line":17,"column":null}}},"fnMap":{"0":{"name":"UserId","decl":{"start":{"line":1,"column":24},"end":{"line":1,"column":30}},"loc":{"start":{"line":1,"column":51},"end":{"line":6,"column":1}}},"1":{"name":"isIdDefined","decl":{"start":{"line":8,"column":9},"end":{"line":8,"column":20}},"loc":{"start":{"line":8,"column":31},"end":{"line":12,"column":1}}},"2":{"name":"isIdValid","decl":{"start":{"line":14,"column":9},"end":{"line":14,"column":18}},"loc":{"start":{"line":14,"column":29},"end":{"line":19,"column":1}}}},"branchMap":{"0":{"loc":{"start":{"line":9,"column":2},"end":{"line":11,"column":null}},"type":"if","locations":[{"start":{"line":9,"column":2},"end":{"line":11,"column":null}}]},"1":{"loc":{"start":{"line":9,"column":6},"end":{"line":9,"column":22}},"type":"binary-expr","locations":[{"start":{"line":9,"column":6},"end":{"line":9,"column":9}},{"start":{"line":9,"column":13},"end":{"line":9,"column":22}}]},"2":{"loc":{"start":{"line":16,"column":2},"end":{"line":18,"column":null}},"type":"if","locations":[{"start":{"line":16,"column":2},"end":{"line":18,"column":null}}]}},"s":{"0":6,"1":6,"2":5,"3":2,"4":6,"5":1,"6":5,"7":5,"8":1},"f":{"0":6,"1":6,"2":5},"b":{"0":[1],"1":[6,5],"2":[1]}}
,"/Users/edgarfigueroa/Projects/Challenges/ArkusNexus/CRUD/API/src/User/domain/UserPassword.ts": {"path":"/Users/edgarfigueroa/Projects/Challenges/ArkusNexus/CRUD/API/src/User/domain/UserPassword.ts","statementMap":{"0":{"start":{"line":2,"column":2},"end":{"line":11,"column":null}},"1":{"start":{"line":3,"column":4},"end":{"line":3,"column":null}},"2":{"start":{"line":4,"column":4},"end":{"line":4,"column":null}},"3":{"start":{"line":6,"column":4},"end":{"line":6,"column":null}},"4":{"start":{"line":8,"column":4},"end":{"line":8,"column":null}},"5":{"start":{"line":8,"column":47},"end":{"line":8,"column":75}},"6":{"start":{"line":10,"column":4},"end":{"line":10,"column":null}},"7":{"start":{"line":1,"column":0},"end":{"line":1,"column":24}},"8":{"start":{"line":15,"column":2},"end":{"line":17,"column":null}},"9":{"start":{"line":16,"column":4},"end":{"line":16,"column":null}},"10":{"start":{"line":21,"column":24},"end":{"line":21,"column":88}},"11":{"start":{"line":23,"column":2},"end":{"line":25,"column":null}},"12":{"start":{"line":24,"column":4},"end":{"line":24,"column":null}}},"fnMap":{"0":{"name":"UserPassword","decl":{"start":{"line":1,"column":24},"end":{"line":1,"column":36}},"loc":{"start":{"line":1,"column":54},"end":{"line":12,"column":1}}},"1":{"name":"(anonymous_1)","decl":{"start":{"line":8,"column":20},"end":{"line":8,"column":21}},"loc":{"start":{"line":8,"column":47},"end":{"line":8,"column":75}}},"2":{"name":"isPasswordDefined","decl":{"start":{"line":14,"column":9},"end":{"line":14,"column":26}},"loc":{"start":{"line":14,"column":44},"end":{"line":18,"column":1}}},"3":{"name":"isPasswordValid","decl":{"start":{"line":20,"column":9},"end":{"line":20,"column":24}},"loc":{"start":{"line":20,"column":42},"end":{"line":26,"column":1}}}},"branchMap":{"0":{"loc":{"start":{"line":15,"column":2},"end":{"line":17,"column":null}},"type":"if","locations":[{"start":{"line":15,"column":2},"end":{"line":17,"column":null}}]},"1":{"loc":{"start":{"line":15,"column":6},"end":{"line":15,"column":34}},"type":"binary-expr","locations":[{"start":{"line":15,"column":6},"end":{"line":15,"column":15}},{"start":{"line":15,"column":19},"end":{"line":15,"column":34}}]},"2":{"loc":{"start":{"line":23,"column":2},"end":{"line":25,"column":null}},"type":"if","locations":[{"start":{"line":23,"column":2},"end":{"line":25,"column":null}}]}},"s":{"0":8,"1":8,"2":7,"3":6,"4":6,"5":1,"6":2,"7":2,"8":8,"9":1,"10":7,"11":7,"12":1},"f":{"0":8,"1":1,"2":8,"3":7},"b":{"0":[1],"1":[8,7],"2":[1]}}
,"/Users/edgarfigueroa/Projects/Challenges/ArkusNexus/CRUD/API/src/User/domain/UserRole.ts": {"path":"/Users/edgarfigueroa/Projects/Challenges/ArkusNexus/CRUD/API/src/User/domain/UserRole.ts","statementMap":{"0":{"start":{"line":2,"column":2},"end":{"line":4,"column":null}},"1":{"start":{"line":3,"column":4},"end":{"line":3,"column":null}},"2":{"start":{"line":6,"column":2},"end":{"line":6,"column":null}},"3":{"start":{"line":7,"column":21},"end":{"line":7,"column":53}},"4":{"start":{"line":11,"column":2},"end":{"line":13,"column":null}},"5":{"start":{"line":12,"column":4},"end":{"line":12,"column":null}},"6":{"start":{"line":1,"column":0},"end":{"line":1,"column":24}}},"fnMap":{"0":{"name":"UserRole","decl":{"start":{"line":1,"column":24},"end":{"line":1,"column":32}},"loc":{"start":{"line":1,"column":45},"end":{"line":14,"column":1}}}},"branchMap":{"0":{"loc":{"start":{"line":2,"column":2},"end":{"line":4,"column":null}},"type":"if","locations":[{"start":{"line":2,"column":2},"end":{"line":4,"column":null}}]},"1":{"loc":{"start":{"line":11,"column":2},"end":{"line":13,"column":null}},"type":"if","locations":[{"start":{"line":11,"column":2},"end":{"line":13,"column":null}}]}},"s":{"0":4,"1":0,"2":4,"3":4,"4":4,"5":1,"6":2},"f":{"0":4},"b":{"0":[0],"1":[1]}}
,"/Users/edgarfigueroa/Projects/Challenges/ArkusNexus/CRUD/API/src/User/domain/Username.ts": {"path":"/Users/edgarfigueroa/Projects/Challenges/ArkusNexus/CRUD/API/src/User/domain/Username.ts","statementMap":{"0":{"start":{"line":2,"column":2},"end":{"line":9,"column":null}},"1":{"start":{"line":3,"column":4},"end":{"line":3,"column":null}},"2":{"start":{"line":4,"column":4},"end":{"line":4,"column":null}},"3":{"start":{"line":6,"column":4},"end":{"line":6,"column":null}},"4":{"start":{"line":8,"column":4},"end":{"line":8,"column":null}},"5":{"start":{"line":1,"column":0},"end":{"line":1,"column":24}},"6":{"start":{"line":13,"column":2},"end":{"line":15,"column":null}},"7":{"start":{"line":14,"column":4},"end":{"line":14,"column":null}},"8":{"start":{"line":19,"column":24},"end":{"line":19,"column":80}},"9":{"start":{"line":20,"column":2},"end":{"line":22,"column":null}},"10":{"start":{"line":21,"column":4},"end":{"line":21,"column":null}}},"fnMap":{"0":{"name":"Username","decl":{"start":{"line":1,"column":24},"end":{"line":1,"column":32}},"loc":{"start":{"line":1,"column":49},"end":{"line":10,"column":1}}},"1":{"name":"isUsernameDefined","decl":{"start":{"line":12,"column":9},"end":{"line":12,"column":26}},"loc":{"start":{"line":12,"column":43},"end":{"line":16,"column":1}}},"2":{"name":"isUsernameValid","decl":{"start":{"line":18,"column":9},"end":{"line":18,"column":24}},"loc":{"start":{"line":18,"column":41},"end":{"line":23,"column":1}}}},"branchMap":{"0":{"loc":{"start":{"line":13,"column":2},"end":{"line":15,"column":null}},"type":"if","locations":[{"start":{"line":13,"column":2},"end":{"line":15,"column":null}}]},"1":{"loc":{"start":{"line":13,"column":6},"end":{"line":13,"column":34}},"type":"binary-expr","locations":[{"start":{"line":13,"column":6},"end":{"line":13,"column":15}},{"start":{"line":13,"column":19},"end":{"line":13,"column":34}}]},"2":{"loc":{"start":{"line":20,"column":2},"end":{"line":22,"column":null}},"type":"if","locations":[{"start":{"line":20,"column":2},"end":{"line":22,"column":null}}]}},"s":{"0":6,"1":6,"2":5,"3":4,"4":2,"5":2,"6":6,"7":1,"8":5,"9":5,"10":1},"f":{"0":6,"1":6,"2":5},"b":{"0":[1],"1":[6,5],"2":[1]}}
}
