TN:
SF:src/User/domain/UserEmail.ts
FN:2,UserEmail
FN:8,(anonymous_1)
FN:9,(anonymous_2)
FN:15,isEmailDefined
FN:21,isEmailValid
FNF:5
FNH:0
FNDA:0,UserEmail
FNDA:0,(anonymous_1)
FNDA:0,(anonymous_2)
FNDA:0,isEmailDefined
FNDA:0,isEmailValid
DA:2,1
DA:3,0
DA:4,0
DA:5,0
DA:7,0
DA:8,0
DA:9,0
DA:11,0
DA:16,0
DA:17,0
DA:22,0
DA:24,0
DA:25,0
LF:13
LH:1
BRDA:16,0,0,0
BRDA:16,1,0,0
BRDA:16,1,1,0
BRDA:24,2,0,0
BRF:4
BRH:0
end_of_record
TN:
SF:src/User/domain/UserEntity.ts
FN:14,User
FN:22,updateEmail
FN:26,updatePassword
FN:33,(anonymous_4)
FNF:4
FNH:0
FNDA:0,User
FNDA:0,updateEmail
FNDA:0,updatePassword
FNDA:0,(anonymous_4)
DA:2,1
DA:3,1
DA:4,1
DA:5,1
DA:6,1
DA:14,1
DA:15,0
DA:16,0
DA:17,0
DA:18,0
DA:19,0
DA:20,0
DA:23,0
DA:27,0
DA:30,0
DA:33,0
DA:36,0
LF:17
LH:6
BRF:0
BRH:0
end_of_record
TN:
SF:src/User/domain/UserId.ts
FN:1,UserId
FN:8,isIdDefined
FN:14,isIdValid
FNF:3
FNH:0
FNDA:0,UserId
FNDA:0,isIdDefined
FNDA:0,isIdValid
DA:1,1
DA:2,0
DA:4,0
DA:5,0
DA:9,0
DA:10,0
DA:15,0
DA:16,0
DA:17,0
LF:9
LH:1
BRDA:9,0,0,0
BRDA:9,1,0,0
BRDA:9,1,1,0
BRDA:16,2,0,0
BRF:4
BRH:0
end_of_record
TN:
SF:src/User/domain/UserPassword.ts
FN:1,UserPassword
FN:8,(anonymous_1)
FN:14,isPasswordDefined
FN:20,isPasswordValid
FNF:4
FNH:0
FNDA:0,UserPassword
FNDA:0,(anonymous_1)
FNDA:0,isPasswordDefined
FNDA:0,isPasswordValid
DA:1,1
DA:2,0
DA:3,0
DA:4,0
DA:6,0
DA:8,0
DA:10,0
DA:15,0
DA:16,0
DA:21,0
DA:23,0
DA:24,0
LF:12
LH:1
BRDA:15,0,0,0
BRDA:15,1,0,0
BRDA:15,1,1,0
BRDA:23,2,0,0
BRF:4
BRH:0
end_of_record
TN:
SF:src/User/domain/UserRole.ts
FN:1,UserRole
FNF:1
FNH:0
FNDA:0,UserRole
DA:1,1
DA:2,0
DA:3,0
DA:6,0
DA:7,0
DA:11,0
DA:12,0
LF:7
LH:1
BRDA:2,0,0,0
BRDA:11,1,0,0
BRF:2
BRH:0
end_of_record
TN:
SF:src/User/domain/Username.ts
FN:1,Username
FN:12,isUsernameDefined
FN:18,isUsernameValid
FNF:3
FNH:0
FNDA:0,Username
FNDA:0,isUsernameDefined
FNDA:0,isUsernameValid
DA:1,1
DA:2,0
DA:3,0
DA:4,0
DA:6,0
DA:8,0
DA:13,0
DA:14,0
DA:19,0
DA:20,0
DA:21,0
LF:11
LH:1
BRDA:13,0,0,0
BRDA:13,1,0,0
BRDA:13,1,1,0
BRDA:20,2,0,0
BRF:4
BRH:0
end_of_record
TN:
SF:src/User/useCases/index.ts
FN:14,UserUseCase
FN:15,(anonymous_9)
FN:15,(anonymous_10)
FN:32,(anonymous_11)
FN:32,(anonymous_12)
FN:42,(anonymous_13)
FN:42,(anonymous_14)
FN:58,(anonymous_15)
FN:58,(anonymous_16)
FN:60,(anonymous_17)
FN:60,(anonymous_18)
FNF:11
FNH:7
FNDA:1,UserUseCase
FNDA:1,(anonymous_9)
FNDA:1,(anonymous_10)
FNDA:1,(anonymous_11)
FNDA:1,(anonymous_12)
FNDA:2,(anonymous_13)
FNDA:2,(anonymous_14)
FNDA:0,(anonymous_15)
FNDA:0,(anonymous_16)
FNDA:0,(anonymous_17)
FNDA:0,(anonymous_18)
DA:2,1
DA:3,1
DA:4,1
DA:5,1
DA:15,1
DA:16,1
DA:17,0
DA:19,0
DA:20,0
DA:22,0
DA:24,0
DA:32,1
DA:33,1
DA:34,0
DA:36,0
DA:37,0
DA:38,0
DA:39,0
DA:42,2
DA:43,2
DA:44,2
DA:45,0
DA:47,0
DA:54,2
DA:58,1
DA:60,1
DA:62,1
DA:71,1
LF:28
LH:16
BRDA:17,0,0,0
BRDA:20,1,0,0
BRDA:34,2,0,0
BRDA:45,3,0,0
BRF:4
BRH:0
end_of_record
TN:
SF:src/resources/config/index.ts
FNF:0
FNH:0
DA:1,1
DA:16,1
LF:2
LH:2
BRDA:6,0,0,1
BRDA:6,0,1,1
BRDA:7,1,0,1
BRDA:7,1,1,1
BRDA:8,2,0,1
BRDA:8,2,1,1
BRDA:9,3,0,1
BRDA:9,3,1,1
BRDA:12,4,0,1
BRDA:12,4,1,1
BRF:10
BRH:10
end_of_record
TN:
SF:src/shared/infraestructure/httpCode/index.ts
FNF:0
FNH:0
DA:1,1
DA:36,1
LF:2
LH:2
BRF:0
BRH:0
end_of_record
TN:
SF:src/shared/infraestructure/jwt/sign.ts
FN:6,(anonymous_1)
FN:10,(anonymous_2)
FNF:2
FNH:0
FNDA:0,(anonymous_1)
FNDA:0,(anonymous_2)
DA:2,1
DA:3,1
DA:4,1
DA:6,1
DA:7,0
DA:10,1
DA:11,0
DA:12,0
DA:13,0
DA:18,0
DA:19,0
DA:20,0
DA:21,0
DA:23,0
DA:28,0
DA:31,1
LF:16
LH:6
BRDA:6,0,0,0
BRDA:12,1,0,0
BRF:2
BRH:0
end_of_record
TN:
SF:src/shared/infraestructure/uuid/generate.ts
FN:3,(anonymous_0)
FNF:1
FNH:0
FNDA:0,(anonymous_0)
DA:1,1
DA:3,1
DA:5,1
LF:3
LH:3
BRF:0
BRH:0
end_of_record
