TN:
SF:src/User/domain/UserEmail.ts
FN:2,UserEmail
FN:8,(anonymous_1)
FN:9,(anonymous_2)
FN:15,isEmailDefined
FN:21,isEmailValid
FNF:5
FNH:3
FNDA:7,UserEmail
FNDA:0,(anonymous_1)
FNDA:0,(anonymous_2)
FNDA:7,isEmailDefined
FNDA:6,isEmailValid
DA:2,2
DA:3,7
DA:4,7
DA:5,6
DA:7,5
DA:8,5
DA:9,5
DA:11,2
DA:16,7
DA:17,1
DA:22,6
DA:24,6
DA:25,1
LF:13
LH:13
BRDA:16,0,0,1
BRDA:16,1,0,7
BRDA:16,1,1,6
BRDA:24,2,0,1
BRF:4
BRH:4
end_of_record
TN:
SF:src/User/domain/UserEntity.ts
FN:14,User
FN:22,updateEmail
FN:26,updatePassword
FN:33,(anonymous_4)
FNF:4
FNH:4
FNDA:3,User
FNDA:1,updateEmail
FNDA:1,updatePassword
FNDA:3,(anonymous_4)
DA:2,1
DA:3,1
DA:4,1
DA:5,1
DA:6,1
DA:14,1
DA:15,3
DA:16,3
DA:17,3
DA:18,3
DA:19,3
DA:20,3
DA:23,1
DA:27,1
DA:30,3
DA:33,3
DA:36,0
LF:17
LH:16
BRF:0
BRH:0
end_of_record
TN:
SF:src/User/domain/UserId.ts
FN:1,UserId
FN:8,isIdDefined
FN:14,isIdValid
FNF:3
FNH:3
FNDA:6,UserId
FNDA:6,isIdDefined
FNDA:5,isIdValid
DA:1,2
DA:2,6
DA:4,6
DA:5,5
DA:9,6
DA:10,1
DA:15,5
DA:16,5
DA:17,1
LF:9
LH:9
BRDA:9,0,0,1
BRDA:9,1,0,6
BRDA:9,1,1,5
BRDA:16,2,0,1
BRF:4
BRH:4
end_of_record
TN:
SF:src/User/domain/UserPassword.ts
FN:1,UserPassword
FN:8,(anonymous_1)
FN:14,isPasswordDefined
FN:20,isPasswordValid
FNF:4
FNH:4
FNDA:8,UserPassword
FNDA:1,(anonymous_1)
FNDA:8,isPasswordDefined
FNDA:7,isPasswordValid
DA:1,2
DA:2,8
DA:3,8
DA:4,7
DA:6,6
DA:8,6
DA:10,2
DA:15,8
DA:16,1
DA:21,7
DA:23,7
DA:24,1
LF:12
LH:12
BRDA:15,0,0,1
BRDA:15,1,0,8
BRDA:15,1,1,7
BRDA:23,2,0,1
BRF:4
BRH:4
end_of_record
TN:
SF:src/User/domain/UserRole.ts
FN:1,UserRole
FNF:1
FNH:1
FNDA:4,UserRole
DA:1,2
DA:2,4
DA:3,0
DA:6,4
DA:7,4
DA:11,4
DA:12,1
LF:7
LH:6
BRDA:2,0,0,0
BRDA:11,1,0,1
BRF:2
BRH:1
end_of_record
TN:
SF:src/User/domain/Username.ts
FN:1,Username
FN:12,isUsernameDefined
FN:18,isUsernameValid
FNF:3
FNH:3
FNDA:6,Username
FNDA:6,isUsernameDefined
FNDA:5,isUsernameValid
DA:1,2
DA:2,6
DA:3,6
DA:4,5
DA:6,4
DA:8,2
DA:13,6
DA:14,1
DA:19,5
DA:20,5
DA:21,1
LF:11
LH:11
BRDA:13,0,0,1
BRDA:13,1,0,6
BRDA:13,1,1,5
BRDA:20,2,0,1
BRF:4
BRH:4
end_of_record
